 
****************************************
Report : area
Design : JAM
Version: S-2021.06-SP2
Date   : Wed Mar 30 18:47:36 2022
****************************************

Library(s) Used:

    slow (File: /usr/cad/designkit/CBDK_IC_Contest_v2.5/SynopsysDC/db/slow.db)

Number of ports:                           94
Number of nets:                           750
Number of cells:                          603
Number of combinational cells:            508
Number of sequential cells:                91
Number of macros/black boxes:               0
Number of buf/inv:                        106
Number of references:                      88

Combinational area:               5100.687004
Buf/Inv area:                      721.395002
Noncombinational area:            2941.594151
Macro/Black Box area:                0.000000
Net Interconnect area:           87453.773651

Total cell area:                  8042.281154
Total area:                      95496.054806
1
